*** Starting uWSGI 2.0.17.1 (64bit) on [Wed Nov 14 13:17:21 2018] ***
compiled with version: 7.2.0 on 14 November 2018 10:11:00
os: Linux-4.13.0-46-generic #51-Ubuntu SMP Tue Jun 12 12:36:29 UTC 2018
nodename: dyfdaf-Inspiron-7577
machine: x86_64
clock source: unix
pcre jit disabled
detected number of CPU cores: 8
current working directory: /home/dyfdaf/projects/django2/exam
writing pidfile to uwsgi.pid
detected binary path: /home/dyfdaf/pythonEnvs/django2.1/bin/uwsgi
chdir() to /home/dyfdaf/projects/django2/exam
your processes number limit is 63215
your memory page size is 4096 bytes
detected max file descriptor number: 1024
lock engine: pthread robust mutexes
thunder lock: disabled (you can enable it with --thunder-lock)
uWSGI http bound on 127.0.0.1:8000 fd 4
uwsgi socket 0 bound to TCP address 127.0.0.1:42043 (port auto-assigned) fd 3
Python version: 3.6.3 (default, Oct  3 2017, 21:45:48)  [GCC 7.2.0]
Python main interpreter initialized at 0x5647d7777550
python threads support enabled
your server socket listen backlog is limited to 100 connections
your mercy for graceful operations on workers is 60 seconds
mapped 416880 bytes (407 KB) for 8 cores
*** Operational MODE: preforking+threaded ***
WSGI app 0 (mountpoint='') ready in 1 seconds on interpreter 0x5647d7777550 pid: 23440 (default app)
*** uWSGI is running in multiple interpreter mode ***
spawned uWSGI master process (pid: 23440)
spawned uWSGI worker 1 (pid: 23443, cores: 2)
spawned uWSGI worker 2 (pid: 23444, cores: 2)
spawned uWSGI worker 3 (pid: 23446, cores: 2)
spawned uWSGI worker 4 (pid: 23448, cores: 2)
spawned uWSGI http 1 (pid: 23451)
[pid: 23444|app: 0|req: 1/1] 127.0.0.1 () {42 vars in 830 bytes} [Wed Nov 14 10:18:01 2018] GET / => generated 2441 bytes in 64 msecs (HTTP/1.1 200) 3 headers in 110 bytes (1 switches on core 0)
SIGINT/SIGQUIT received...killing workers...
gateway "uWSGI http 1" has been buried (pid: 23451)
worker 1 buried after 1 seconds
worker 2 buried after 1 seconds
worker 3 buried after 1 seconds
worker 4 buried after 1 seconds
goodbye to uWSGI.
*** Starting uWSGI 2.0.17.1 (64bit) on [Wed Nov 14 13:18:54 2018] ***
compiled with version: 7.2.0 on 14 November 2018 10:11:00
os: Linux-4.13.0-46-generic #51-Ubuntu SMP Tue Jun 12 12:36:29 UTC 2018
nodename: dyfdaf-Inspiron-7577
machine: x86_64
clock source: unix
pcre jit disabled
detected number of CPU cores: 8
current working directory: /home/dyfdaf/projects/django2/exam
writing pidfile to uwsgi.pid
detected binary path: /home/dyfdaf/pythonEnvs/django2.1/bin/uwsgi
chdir() to /home/dyfdaf/projects/django2/exam
your processes number limit is 63215
your memory page size is 4096 bytes
detected max file descriptor number: 1024
lock engine: pthread robust mutexes
thunder lock: disabled (you can enable it with --thunder-lock)
uWSGI http bound on 127.0.0.1:8000 fd 4
uwsgi socket 0 bound to TCP address 127.0.0.1:42997 (port auto-assigned) fd 3
Python version: 3.6.3 (default, Oct  3 2017, 21:45:48)  [GCC 7.2.0]
Python main interpreter initialized at 0x562f9c76a550
python threads support enabled
your server socket listen backlog is limited to 100 connections
your mercy for graceful operations on workers is 60 seconds
mapped 416880 bytes (407 KB) for 8 cores
*** Operational MODE: preforking+threaded ***
WSGI app 0 (mountpoint='') ready in 0 seconds on interpreter 0x562f9c76a550 pid: 23485 (default app)
*** uWSGI is running in multiple interpreter mode ***
spawned uWSGI master process (pid: 23485)
spawned uWSGI worker 1 (pid: 23487, cores: 2)
spawned uWSGI worker 2 (pid: 23488, cores: 2)
spawned uWSGI worker 3 (pid: 23490, cores: 2)
spawned uWSGI worker 4 (pid: 23492, cores: 2)
spawned uWSGI http 1 (pid: 23494)
[pid: 23487|app: 0|req: 1/1] 127.0.0.1 () {42 vars in 830 bytes} [Wed Nov 14 10:18:57 2018] GET / => generated 2441 bytes in 49 msecs (HTTP/1.1 200) 3 headers in 110 bytes (1 switches on core 0)
SIGINT/SIGQUIT received...killing workers...
gateway "uWSGI http 1" has been buried (pid: 23494)
worker 1 buried after 1 seconds
worker 2 buried after 1 seconds
worker 3 buried after 1 seconds
worker 4 buried after 1 seconds
goodbye to uWSGI.
